save cc4b050:note/11_decoupling.md to bde4a38c-20d3-4b77-9c48-ec0b135df9ae_1664135821.md
skip c46c477:note/11_bde4a38c-20d3-4b77-9c48-ec0b135df9ae.md
save dc27fc0:note/6_engineering_values.md to 07c40a03-092b-4cbe-8be7-600cfc95981b_1663126774.md
save 8754116:note/6_engineering_values.md to 07c40a03-092b-4cbe-8be7-600cfc95981b_1663164963.md
skip c46c477:note/6_07c40a03-092b-4cbe-8be7-600cfc95981b.md
save cbf9d55:note/7_tradeoffs.md to cbe57617-241e-4bd6-a7c5-e4ba6e0b7a11_1663386068.md
skip c46c477:note/7_cbe57617-241e-4bd6-a7c5-e4ba6e0b7a11.md
save b7cdde5:note/2_bootstrap.md to 1b41038d-9cdb-4e2a-88ea-da05110e26e9_1662790916.md
save e4962d9:note/2_bootstrap.md to 1b41038d-9cdb-4e2a-88ea-da05110e26e9_1662848708.md
skip c46c477:note/2_1b41038d-9cdb-4e2a-88ea-da05110e26e9.md
save 3a94e71:note/4_heart.md to 08b9be62-ef94-4c9e-a1e5-21c37a2a7d69_1662871342.md
save 3339e3b:note/4_heart.md to 08b9be62-ef94-4c9e-a1e5-21c37a2a7d69_1662908403.md
skip c46c477:note/4_08b9be62-ef94-4c9e-a1e5-21c37a2a7d69.md
save 14edf8c:note/9_fear_and_freedom.md to 069b3b22-8e4a-4a4b-a6ec-5113020e4bd7_1663479147.md
skip c46c477:note/9_069b3b22-8e4a-4a4b-a6ec-5113020e4bd7.md
save 7ec972e:note/3_about_note.md to 6b4f3216-ff2c-4eb2-bebe-a9a334dfbe36_1662822821.md
save 94a2931:note/3_about_note.md to 6b4f3216-ff2c-4eb2-bebe-a9a334dfbe36_1662825534.md
save e4962d9:note/3_about_note.md to 6b4f3216-ff2c-4eb2-bebe-a9a334dfbe36_1662848708.md
save cb6aba7:note/3_about_note.md to 6b4f3216-ff2c-4eb2-bebe-a9a334dfbe36_1662848880.md
save 3a94e71:note/3_about_note.md to 6b4f3216-ff2c-4eb2-bebe-a9a334dfbe36_1662871342.md
skip c46c477:note/3_6b4f3216-ff2c-4eb2-bebe-a9a334dfbe36.md
save 354722d:note/8_react_and_typescript.md to 76884627-ae9b-4cea-8aa5-a5580bdb332a_1663396599.md
save b86a4cf:note/8_react_and_typescript.md to 76884627-ae9b-4cea-8aa5-a5580bdb332a_1663397184.md
save 54343b3:note/8_decisions_during_iteration.md to 76884627-ae9b-4cea-8aa5-a5580bdb332a_1663398500.md
save 5ddcef0:note/8_decisions_during_iteration.md to 76884627-ae9b-4cea-8aa5-a5580bdb332a_1663398844.md
skip c46c477:note/8_76884627-ae9b-4cea-8aa5-a5580bdb332a.md
save c042017:note/5_web_server.md to 79c9e9fb-6dac-4e75-bd04-2b815829ef78_1663029888.md
skip b4ea95e:note/5_containerization.md
skip c46c477:note/5_79c9e9fb-6dac-4e75-bd04-2b815829ef78.md
save 80cbd72:note/1_one_now.md to e19c45c8-6190-4680-9722-06b70a7b4fb6_1662785882.md
save 02ea743:note/1_one_now.md to e19c45c8-6190-4680-9722-06b70a7b4fb6_1662786647.md
save c5935f7:note/1_one_now.md to e19c45c8-6190-4680-9722-06b70a7b4fb6_1662787380.md
skip c46c477:note/1_e19c45c8-6190-4680-9722-06b70a7b4fb6.md
save 63fa9db:note/10_choose_kind_culture.md to 7cf7a59d-01a8-4273-8d9e-570d5b2346fe_1663652385.md
skip c46c477:note/10_7cf7a59d-01a8-4273-8d9e-570d5b2346fe.md
save 5b723c4:note/12_37fb128a-f9e0-44b3-9f48-92823143a284.md to 37fb128a-f9e0-44b3-9f48-92823143a284_1664259881.md
